<?xml version="1.0" encoding="UTF-8"?>
<!-- Generated by org.testng.reporters.JUnitReportReporter -->
<testsuite hostname="USER" failures="0" tests="1" name="testpckg1.Createpagetest" time="2.902" errors="0" timestamp="2024-09-25T13:29:12 IST" skipped="0">
  <testcase classname="testpckg1.Createpagetest" name="test2" time="2.902"/>
  <system-out/>
</testsuite> <!-- testpckg1.Createpagetest -->
