<?xml version="1.0" encoding="UTF-8"?>
<!-- Generated by org.testng.reporters.JUnitReportReporter -->
<testsuite hostname="USER" failures="0" tests="1" name="testNG.fbloginValidation" time="1.560" errors="0" timestamp="2024-09-27T15:48:06 IST" skipped="0">
  <testcase classname="testNG.fbloginValidation" name="fblogin" time="1.560"/>
  <system-out/>
</testsuite> <!-- testNG.fbloginValidation -->
