<?xml version="1.0" encoding="UTF-8"?>
<!-- Generated by org.testng.reporters.JUnitReportReporter -->
<testsuite hostname="USER" failures="0" tests="1" name="testNG.TaskRediffbutton" time="0.204" errors="0" timestamp="2024-09-10T12:50:23 IST" skipped="0">
  <testcase classname="testNG.TaskRediffbutton" name="test" time="0.204"/>
  <system-out/>
</testsuite> <!-- testNG.TaskRediffbutton -->
