<?xml version="1.0" encoding="UTF-8"?>
<!-- Generated by org.testng.reporters.JUnitReportReporter -->
<testsuite hostname="USER" failures="0" tests="1" name="testNG.FileuploadingTest1" time="10.281" errors="0" timestamp="2024-09-19T11:48:27 IST" skipped="0">
  <testcase classname="testNG.FileuploadingTest1" name="main" time="10.281"/>
  <system-out/>
</testsuite> <!-- testNG.FileuploadingTest1 -->
