<?xml version="1.0" encoding="UTF-8"?>
<!-- Generated by org.testng.reporters.JUnitReportReporter -->
<testsuite hostname="USER" failures="0" tests="1" name="testNG.Hardassertion" time="0.938" errors="0" timestamp="2024-09-24T10:04:51 IST" skipped="0">
  <testcase classname="testNG.Hardassertion" name="title" time="0.938"/>
  <system-out/>
</testsuite> <!-- testNG.Hardassertion -->
