<?xml version="1.0" encoding="UTF-8"?>
<!-- Generated by org.testng.reporters.JUnitReportReporter -->
<testsuite hostname="USER" failures="0" tests="3" name="testNG.CrossbrwsrTest" time="3.817" errors="0" timestamp="2024-09-10T11:42:25 IST" skipped="0">
  <testcase classname="testNG.CrossbrwsrTest" name="test" time="1.179"/>
  <system-out/>
  <testcase classname="testNG.CrossbrwsrTest" name="test" time="1.130"/>
  <system-out/>
  <testcase classname="testNG.CrossbrwsrTest" name="test" time="1.508"/>
  <system-out/>
</testsuite> <!-- testNG.CrossbrwsrTest -->
