<?xml version="1.0" encoding="UTF-8"?>
<!-- Generated by org.testng.reporters.JUnitReportReporter -->
<testsuite hostname="USER" failures="0" tests="1" name="testNG.Datepickerprgrm" time="0.484" errors="0" timestamp="2024-09-23T19:17:56 IST" skipped="0">
  <testcase classname="testNG.Datepickerprgrm" name="datepicker" time="0.484"/>
  <system-out/>
</testsuite> <!-- testNG.Datepickerprgrm -->
