<?xml version="1.0" encoding="UTF-8"?>
<!-- Generated by org.testng.reporters.JUnitReportReporter -->
<testsuite hostname="USER" failures="0" tests="1" name="testNG.CopyPasteAction" time="0.485" errors="0" timestamp="2024-09-09T20:18:25 IST" skipped="0">
  <testcase classname="testNG.CopyPasteAction" name="test" time="0.485"/>
  <system-out/>
</testsuite> <!-- testNG.CopyPasteAction -->
