<?xml version="1.0" encoding="UTF-8"?>
<!-- Generated by org.testng.reporters.JUnitReportReporter -->
<testsuite hostname="USER" failures="0" tests="1" name="testNG.autoitprgrm" time="8.790" errors="0" timestamp="2024-09-19T11:56:36 IST" skipped="0">
  <testcase classname="testNG.autoitprgrm" name="main" time="8.790"/>
  <system-out/>
</testsuite> <!-- testNG.autoitprgrm -->
