<?xml version="1.0" encoding="UTF-8"?>
<!-- Generated by org.testng.reporters.JUnitReportReporter -->
<testsuite hostname="USER" failures="0" tests="1" name="testNG.FacebookTestng" time="0.184" errors="0" timestamp="2024-09-06T12:14:06 IST" skipped="0">
  <testcase classname="testNG.FacebookTestng" name="username" time="0.184"/>
  <system-out/>
</testsuite> <!-- testNG.FacebookTestng -->
