<?xml version="1.0" encoding="UTF-8"?>
<!-- Generated by org.testng.reporters.JUnitReportReporter -->
<testsuite hostname="USER" failures="0" tests="1" name="testNG.WindowHandler" time="6.948" errors="0" timestamp="2024-09-24T11:35:10 IST" skipped="0">
  <testcase classname="testNG.WindowHandler" name="test" time="6.948"/>
  <system-out/>
</testsuite> <!-- testNG.WindowHandler -->
