<?xml version="1.0" encoding="UTF-8"?>
<!-- Generated by org.testng.reporters.JUnitReportReporter -->
<testsuite hostname="USER" failures="0" tests="1" name="testNG.TestNGdemo2" time="0.014" errors="0" timestamp="2024-09-06T11:45:56 IST" skipped="0">
  <testcase classname="testNG.TestNGdemo2" name="test1" time="0.014"/>
  <system-out/>
</testsuite> <!-- testNG.TestNGdemo2 -->
