<?xml version="1.0" encoding="UTF-8"?>
<!-- Generated by org.testng.reporters.JUnitReportReporter -->
<testsuite hostname="USER" failures="0" tests="1" name="testNG.TaskGuru99" time="0.389" errors="0" timestamp="2024-09-09T20:19:32 IST" skipped="0">
  <testcase classname="testNG.TaskGuru99" name="test" time="0.389"/>
  <system-out/>
</testsuite> <!-- testNG.TaskGuru99 -->
