<?xml version="1.0" encoding="UTF-8"?>
<!-- Generated by org.testng.reporters.JUnitReportReporter -->
<testsuite hostname="USER" failures="0" tests="1" name="testNG.EbayTask" time="3.862" errors="0" timestamp="2024-09-09T21:06:03 IST" skipped="0">
  <testcase classname="testNG.EbayTask" name="test" time="3.862"/>
  <system-out/>
</testsuite> <!-- testNG.EbayTask -->
