<?xml version="1.0" encoding="UTF-8"?>
<!-- Generated by org.testng.reporters.JUnitReportReporter -->
<testsuite hostname="USER" failures="0" tests="1" name="testNG.RobotclassFileUpload" time="4.076" errors="0" timestamp="2024-09-18T12:27:29 IST" skipped="0">
  <testcase classname="testNG.RobotclassFileUpload" name="test1" time="4.076"/>
  <system-out/>
</testsuite> <!-- testNG.RobotclassFileUpload -->
