<?xml version="1.0" encoding="UTF-8"?>
<!-- Generated by org.testng.reporters.JUnitReportReporter -->
<testsuite hostname="USER" failures="0" tests="1" name="testNG.DragandDropPrgrm" time="1.162" errors="0" timestamp="2024-09-10T12:42:05 IST" skipped="0">
  <testcase classname="testNG.DragandDropPrgrm" name="Test" time="1.162"/>
  <system-out/>
</testsuite> <!-- testNG.DragandDropPrgrm -->
