<?xml version="1.0" encoding="UTF-8"?>
<!-- Generated by org.testng.reporters.JUnitReportReporter -->
<testsuite hostname="USER" failures="0" tests="1" name="testNG.TASK99" time="1.598" errors="0" timestamp="2024-09-18T13:08:34 IST" skipped="0">
  <testcase classname="testNG.TASK99" name="country" time="1.598"/>
  <system-out/>
</testsuite> <!-- testNG.TASK99 -->
