<?xml version="1.0" encoding="UTF-8"?>
<!-- Generated by org.testng.reporters.JUnitReportReporter -->
<testsuite hostname="USER" failures="0" tests="5" name="testNG.TestNGdemo" time="0.012" errors="0" timestamp="2024-09-05T12:46:24 IST" skipped="1">
  <testcase classname="testNG.TestNGdemo" name="test5" time="0.009"/>
  <system-out/>
  <testcase classname="testNG.TestNGdemo" name="test4" time="0.001"/>
  <system-out/>
  <testcase classname="testNG.TestNGdemo" name="test1" time="0.001"/>
  <system-out/>
  <testcase classname="testNG.TestNGdemo" name="test1" time="0.001"/>
  <system-out/>
  <testcase classname="testNG.TestNGdemo" name="test3">
    <skipped/>
  </testcase> <!-- test3 -->
  <system-out/>
</testsuite> <!-- testNG.TestNGdemo -->
