<?xml version="1.0" encoding="UTF-8"?>
<!-- Generated by org.testng.reporters.JUnitReportReporter -->
<testsuite hostname="USER" failures="0" tests="1" name="testpckg1.Fblogintest" time="0.178" errors="0" timestamp="2024-09-25T13:16:01 IST" skipped="0">
  <testcase classname="testpckg1.Fblogintest" name="test1" time="0.178"/>
  <system-out/>
</testsuite> <!-- testpckg1.Fblogintest -->
