<?xml version="1.0" encoding="UTF-8"?>
<!-- Generated by org.testng.reporters.JUnitReportReporter -->
<testsuite hostname="USER" failures="0" tests="3" name="testNG.JanasyaTask" time="0.375" errors="0" timestamp="2024-09-19T12:53:49 IST" skipped="0">
  <testcase classname="testNG.JanasyaTask" name="title" time="0.013"/>
  <system-out/>
  <testcase classname="testNG.JanasyaTask" name="links" time="0.048"/>
  <system-out/>
  <testcase classname="testNG.JanasyaTask" name="Screenshot" time="0.314"/>
  <system-out/>
</testsuite> <!-- testNG.JanasyaTask -->
