<?xml version="1.0" encoding="UTF-8"?>
<!-- Generated by org.testng.reporters.JUnitReportReporter -->
<testsuite hostname="USER" failures="0" tests="1" name="testNG.RediffTaskTNG" time="2.007" errors="0" timestamp="2024-09-06T12:55:02 IST" skipped="0">
  <testcase classname="testNG.RediffTaskTNG" name="Rbutton" time="2.007"/>
  <system-out/>
</testsuite> <!-- testNG.RediffTaskTNG -->
